<?xml version="1.0" encoding="UTF-8"?>
<!-- Generated by org.testng.reporters.JUnitXMLReporter -->
<testsuite hostname="PRASHANTHI" ignored="0" tests="1" failures="0" timestamp="2022-03-22T23:23:01 IST" time="0.068" errors="0">
  <testcase name="@BeforeMethod beforeMethodMethod" time="0.037" classname="base.BaseTest">
    <failure type="java.lang.IllegalStateException" message="The driver executable must exist: C:\Users\prashanthi\dummy\drivers\chromedriver">
      <![CDATA[java.lang.IllegalStateException: The driver executable must exist: C:\Users\prashanthi\dummy\drivers\chromedriver
at org.openqa.selenium.internal.Require$FileStateChecker.isFile(Require.java:342)
at org.openqa.selenium.remote.service.DriverService.checkExecutable(DriverService.java:147)
at org.openqa.selenium.remote.service.DriverService.findExecutable(DriverService.java:142)
at org.openqa.selenium.chrome.ChromeDriverService.access$000(ChromeDriverService.java:38)
at org.openqa.selenium.chrome.ChromeDriverService$Builder.findDefaultExecutable(ChromeDriverService.java:231)
at org.openqa.selenium.remote.service.DriverService$Builder.build(DriverService.java:437)
at org.openqa.selenium.chrome.ChromeDriverService.createDefaultService(ChromeDriverService.java:127)
at org.openqa.selenium.chrome.ChromeDriver.<init>(ChromeDriver.java:48)
at base.BaseTest.setUp(BaseTest.java:81)
at base.BaseTest.beforeMethodMethod(BaseTest.java:47)
at java.util.ArrayList.forEach(ArrayList.java:1257)
... Removed 35 stack frames]]>
    </failure>
  </testcase> <!-- @BeforeMethod beforeMethodMethod -->
  <testcase name="@AfterMethod afterMethodMethod" time="0.0" classname="base.BaseTest">
    <skipped/>
  </testcase> <!-- @AfterMethod afterMethodMethod -->
  <testcase name="enterEmailTest" time="0.0" classname="SampleTest">
    <skipped/>
  </testcase> <!-- enterEmailTest -->
</testsuite>
